2021-12-08 07:32:54 INFO  Main:47 - [Smoke review from Sasha
Puff was awful :(
Puff was great!!!
Puff was great!!!
Puff was awful :(
Puff was great!!!
Puff was great!!!
Puff was awful :(
Puff was awful :(
Puff was awful :(
Puff was great!!!
, Smoke review from Ales
Puff was great!!!
Puff was great!!!
Puff was awful :(
Puff was awful :(
Puff was awful :(
Puff was great!!!
Puff was awful :(
, Smoke review from Gleb
Puff was great!!!
Puff was awful :(
, Smoke review from Arianna
Puff was awful :(
Puff was awful :(
Puff was awful :(
]
